Arguments: 
  /Users/graysmith/.nvm/versions/node/v12.22.10/bin/node /usr/local/Cellar/yarn/1.12.3/libexec/bin/yarn.js add @types/playwright

PATH: 
  /Users/graysmith/.serverless/bin:/Users/graysmith/.rbenv/shims:/Users/graysmith/.rbenv/bin:/Users/graysmith/.nvm/versions/node/v12.22.10/bin:/usr/local/bin:/usr/bin:/bin:/usr/sbin:/sbin

Yarn version: 
  1.12.3

Node version: 
  12.22.10

Platform: 
  darwin x64

Trace: 
  Error: https://artifactory.spectrumtoolbox.com/artifactory/api/npm/npm/@types%2fplaywright: not_found
      at Request.params.callback [as _callback] (/usr/local/Cellar/yarn/1.12.3/libexec/lib/cli.js:65894:18)
      at Request.self.callback (/usr/local/Cellar/yarn/1.12.3/libexec/lib/cli.js:129018:22)
      at Request.emit (events.js:314:20)
      at Request.<anonymous> (/usr/local/Cellar/yarn/1.12.3/libexec/lib/cli.js:129990:10)
      at Request.emit (events.js:314:20)
      at IncomingMessage.<anonymous> (/usr/local/Cellar/yarn/1.12.3/libexec/lib/cli.js:129912:12)
      at Object.onceWrapper (events.js:420:28)
      at IncomingMessage.emit (events.js:326:22)
      at endReadableNT (_stream_readable.js:1241:12)
      at processTicksAndRejections (internal/process/task_queues.js:84:21)

npm manifest: 
  {
    "name": "tiger-scraper",
    "version": "1.0.0",
    "main": "index.js",
    "scripts": {
      "test": "echo \"Error: no test specified\" && exit 1",
      "dev": "nodemon index.js"
    },
    "keywords": [],
    "author": "",
    "license": "ISC",
    "dependencies": {
      "axios": "^0.26.1",
      "playwright": "^1.20.2",
      "twitter-api-client": "^1.5.2",
      "twitter-api-sdk": "^1.0.2",
      "twitter-api-v2": "^1.11.2"
    },
    "devDependencies": {
      "dotenv": "^16.0.0",
      "nodemon": "^2.0.15"
    },
    "description": ""
  }

yarn manifest: 
  No manifest

Lockfile: 
  No lockfile
